2026-03-24 11:27:39 - INFO - Успешное подключение к базе данных.
2026-03-24 11:27:39 - INFO - Новая сессия начата: 107 в 2026-03-24 11:27:39
2026-03-24 11:27:39 - INFO - Слежка началась...
2026-03-24 11:27:39 - INFO - Копия БД была создана: backups\time_tracker_backup_2026-03-24.db.
2026-03-24 11:28:10 - INFO - Найдено записей в history_tree: 2
2026-03-24 11:28:10 - INFO - Первая запись: <sqlite3.Row object at 0x0000021BC9110160> — 2026-03-23, 61, 35967, 589.6229508196722, 203.29131137295246
2026-03-24 11:28:20 - INFO - Найдено записей в history_tree: 2
2026-03-24 11:28:20 - INFO - Первая запись: <sqlite3.Row object at 0x0000021BC91142B0> — 2026-03-23, 61, 35967, 589.6229508196722, 203.29131137295246
2026-03-24 11:28:59 - INFO - Data exported to C:/Users/DImaK/OneDrive/Рабочий стол/1.csv
2026-03-24 11:29:10 - INFO - Успешное выполнение фукции 'get_session_by_SESSION_ID_db'.
2026-03-24 11:29:10 - INFO - Успешное выполнение фукции 'get_session_by_ID_db'.
2026-03-24 11:29:10 - INFO - Успешное выполнение фукции 'update_session_db'.
2026-03-24 11:29:10 - INFO - Сессия 107 завершена. Длительность: 91 сек, активность: 40 сек, переключений: 0
2026-03-24 11:29:10 - ERROR - An error occurred when calling message handler
Traceback (most recent call last):
  File "C:\Users\DImaK\AppData\Local\Programs\Python\Python313\Lib\site-packages\pystray\_win32.py", line 412, in _dispatcher
    return int(icon._message_handlers.get(
               ~~~~~~~~~~~~~~~~~~~~~~~~~~~
        uMsg, lambda w, l: 0)(wParam, lParam) or 0)
        ~~~~~~~~~~~~~~~~~~~~~^^^^^^^^^^^^^^^^
  File "C:\Users\DImaK\AppData\Local\Programs\Python\Python313\Lib\site-packages\pystray\_win32.py", line 224, in _on_notify
    descriptors[index - 1](self)
    ~~~~~~~~~~~~~~~~~~~~~~^^^^^^
  File "C:\Users\DImaK\AppData\Local\Programs\Python\Python313\Lib\site-packages\pystray\_base.py", line 328, in inner
    callback(self)
    ~~~~~~~~^^^^^^
  File "C:\Users\DImaK\AppData\Local\Programs\Python\Python313\Lib\site-packages\pystray\_base.py", line 453, in __call__
    return self._action(icon, self)
           ~~~~~~~~~~~~^^^^^^^^^^^^
  File "C:\Users\DImaK\AppData\Local\Programs\Python\Python313\Lib\site-packages\pystray\_base.py", line 548, in wrapper0
    return action()
  File "D:\Учебные заведения\TOP academy\Python51\3Python\15Diplomnaua_rabota\main.py", line 1111, in quit_app
    sys.exit(0)
    ~~~~~~~~^^^
SystemExit: 0
2026-03-24 13:11:09 - INFO - Успешное подключение к базе данных.
2026-03-24 13:11:09 - INFO - Новая сессия начата: 108 в 2026-03-24 13:11:09
2026-03-24 13:11:09 - INFO - Слежка началась...
2026-03-24 13:11:09 - INFO - Копия БД была создана: backups\time_tracker_backup_2026-03-24.db.
2026-03-24 13:11:46 - INFO - Найдено записей в history_tree: 3
2026-03-24 13:11:46 - INFO - Первая запись: <sqlite3.Row object at 0x00000235758AA8F0> — 2026-03-24, 1, 91, 91.0, 43.956043956043956
2026-03-24 13:21:10 - INFO - Скриншот сохранён как: screenshots\screenshot_2026-03-24_13-21-10.png
2026-03-24 13:29:30 - INFO - Успешное выполнение фукции 'get_session_by_SESSION_ID_db'.
2026-03-24 13:29:30 - INFO - Успешное выполнение фукции 'get_session_by_ID_db'.
2026-03-24 13:29:30 - INFO - Успешное выполнение фукции 'update_session_db'.
2026-03-24 13:29:30 - INFO - Сессия 108 завершена. Длительность: 1101 сек, активность: 171 сек, переключений: 41
2026-03-24 13:29:55 - INFO - Новая сессия начата: 109 в 2026-03-24 13:29:55
2026-03-24 13:32:37 - INFO - Скриншот сохранён как: screenshots\screenshot_2026-03-24_13-32-36.png
2026-03-24 13:42:38 - INFO - Скриншот сохранён как: screenshots\screenshot_2026-03-24_13-42-37.png
2026-03-24 13:54:30 - INFO - Скриншот сохранён как: screenshots\screenshot_2026-03-24_13-54-30.png
2026-03-24 13:56:46 - INFO - Успешное выполнение фукции 'get_session_by_SESSION_ID_db'.
2026-03-24 13:56:46 - INFO - Успешное выполнение фукции 'get_session_by_ID_db'.
2026-03-24 13:56:46 - INFO - Успешное выполнение фукции 'update_session_db'.
2026-03-24 13:56:46 - INFO - Сессия 109 завершена. Длительность: 1611 сек, активность: 2318 сек, переключений: 8
2026-03-24 13:58:17 - INFO - Новая сессия начата: 110 в 2026-03-24 13:58:16
2026-03-24 14:02:11 - INFO - Успешное выполнение фукции 'get_session_by_SESSION_ID_db'.
2026-03-24 14:02:11 - INFO - Успешное выполнение фукции 'get_session_by_ID_db'.
2026-03-24 14:02:11 - INFO - Успешное выполнение фукции 'update_session_db'.
2026-03-24 14:02:11 - INFO - Сессия 110 завершена. Длительность: 235 сек, активность: 310 сек, переключений: 1
2026-03-24 14:06:01 - INFO - Новая сессия начата: 111 в 2026-03-24 14:06:01
2026-03-24 14:08:19 - INFO - Успешное выполнение фукции 'get_session_by_SESSION_ID_db'.
2026-03-24 14:08:19 - INFO - Успешное выполнение фукции 'get_session_by_ID_db'.
2026-03-24 14:08:19 - INFO - Успешное выполнение фукции 'update_session_db'.
2026-03-24 14:08:19 - INFO - Сессия 111 завершена. Длительность: 138 сек, активность: 429 сек, переключений: 1
2026-03-24 14:08:44 - INFO - Новая сессия начата: 112 в 2026-03-24 14:08:44
2026-03-24 14:10:50 - INFO - Успешное выполнение фукции 'get_session_by_SESSION_ID_db'.
2026-03-24 14:10:50 - INFO - Успешное выполнение фукции 'get_session_by_ID_db'.
2026-03-24 14:10:50 - INFO - Успешное выполнение фукции 'update_session_db'.
2026-03-24 14:10:50 - INFO - Сессия 112 завершена. Длительность: 126 сек, активность: 0 сек, переключений: 0
2026-03-24 14:13:10 - INFO - Новая сессия начата: 113 в 2026-03-24 14:13:10
2026-03-24 14:16:32 - INFO - Успешное выполнение фукции 'get_session_by_SESSION_ID_db'.
2026-03-24 14:16:32 - INFO - Успешное выполнение фукции 'get_session_by_ID_db'.
2026-03-24 14:16:32 - INFO - Успешное выполнение фукции 'update_session_db'.
2026-03-24 14:16:32 - INFO - Сессия 113 завершена. Длительность: 202 сек, активность: 484 сек, переключений: 5
2026-03-24 14:16:57 - INFO - Новая сессия начата: 114 в 2026-03-24 14:16:57
2026-03-24 14:18:04 - INFO - Скриншот сохранён как: screenshots\screenshot_2026-03-24_14-18-03.png
2026-03-24 14:28:05 - INFO - Скриншот сохранён как: screenshots\screenshot_2026-03-24_14-28-04.png
2026-03-24 14:38:40 - INFO - Успешное выполнение фукции 'get_session_by_SESSION_ID_db'.
2026-03-24 14:38:40 - INFO - Успешное выполнение фукции 'get_session_by_ID_db'.
2026-03-24 14:38:40 - INFO - Успешное выполнение фукции 'update_session_db'.
2026-03-24 14:38:40 - INFO - Сессия 114 завершена. Длительность: 1303 сек, активность: 1193 сек, переключений: 43
2026-03-24 14:42:10 - INFO - Новая сессия начата: 115 в 2026-03-24 14:42:10
2026-03-24 14:42:37 - INFO - Скриншот сохранён как: screenshots\screenshot_2026-03-24_14-42-36.png
2026-03-24 14:47:47 - INFO - Успешное выполнение фукции 'get_session_by_SESSION_ID_db'.
2026-03-24 14:47:47 - INFO - Успешное выполнение фукции 'get_session_by_ID_db'.
2026-03-24 14:47:47 - INFO - Успешное выполнение фукции 'update_session_db'.
2026-03-24 14:47:47 - INFO - Сессия 115 завершена. Длительность: 337 сек, активность: 534 сек, переключений: 27
2026-03-24 14:51:17 - INFO - Новая сессия начата: 116 в 2026-03-24 14:51:17
2026-03-24 14:54:00 - INFO - Успешное выполнение фукции 'get_session_by_SESSION_ID_db'.
2026-03-24 14:54:00 - INFO - Успешное выполнение фукции 'get_session_by_ID_db'.
2026-03-24 14:54:00 - INFO - Успешное выполнение фукции 'update_session_db'.
2026-03-24 14:54:00 - INFO - Сессия 116 завершена. Длительность: 163 сек, активность: 340 сек, переключений: 2
2026-03-24 14:55:10 - INFO - Новая сессия начата: 117 в 2026-03-24 14:55:10
2026-03-24 14:58:53 - INFO - Успешное выполнение фукции 'get_session_by_SESSION_ID_db'.
2026-03-24 14:58:53 - INFO - Успешное выполнение фукции 'get_session_by_ID_db'.
2026-03-24 14:58:53 - INFO - Успешное выполнение фукции 'update_session_db'.
2026-03-24 14:58:53 - INFO - Сессия 117 завершена. Длительность: 223 сек, активность: 0 сек, переключений: 0
2026-03-24 15:09:48 - INFO - Новая сессия начата: 118 в 2026-03-24 15:09:48
2026-03-24 15:12:29 - INFO - Успешное выполнение фукции 'get_session_by_SESSION_ID_db'.
2026-03-24 15:12:29 - INFO - Успешное выполнение фукции 'get_session_by_ID_db'.
2026-03-24 15:12:30 - INFO - Успешное выполнение фукции 'update_session_db'.
2026-03-24 15:12:30 - INFO - Сессия 118 завершена. Длительность: 161 сек, активность: 0 сек, переключений: 0
2026-03-24 15:13:10 - INFO - Новая сессия начата: 119 в 2026-03-24 15:13:10
2026-03-24 15:13:37 - INFO - Скриншот сохранён как: screenshots\screenshot_2026-03-24_15-13-36.png
2026-03-24 15:15:40 - INFO - Успешное выполнение фукции 'get_session_by_SESSION_ID_db'.
2026-03-24 15:15:40 - INFO - Успешное выполнение фукции 'get_session_by_ID_db'.
2026-03-24 15:15:40 - INFO - Успешное выполнение фукции 'update_session_db'.
2026-03-24 15:15:40 - INFO - Сессия 119 завершена. Длительность: 150 сек, активность: 0 сек, переключений: 0
2026-03-24 15:22:00 - INFO - Новая сессия начата: 120 в 2026-03-24 15:22:00
2026-03-24 15:24:22 - INFO - Успешное выполнение фукции 'get_session_by_SESSION_ID_db'.
2026-03-24 15:24:22 - INFO - Успешное выполнение фукции 'get_session_by_ID_db'.
2026-03-24 15:24:22 - INFO - Успешное выполнение фукции 'update_session_db'.
2026-03-24 15:24:22 - INFO - Сессия 120 завершена. Длительность: 142 сек, активность: 0 сек, переключений: 0
2026-03-24 15:25:23 - INFO - Новая сессия начата: 121 в 2026-03-24 15:25:22
2026-03-24 15:33:01 - INFO - Скриншот сохранён как: screenshots\screenshot_2026-03-24_15-33-00.png
2026-03-24 15:43:02 - INFO - Скриншот сохранён как: screenshots\screenshot_2026-03-24_15-43-01.png
2026-03-24 15:53:03 - INFO - Скриншот сохранён как: screenshots\screenshot_2026-03-24_15-53-02.png
2026-03-24 16:03:04 - INFO - Скриншот сохранён как: screenshots\screenshot_2026-03-24_16-03-03.png
2026-03-24 16:13:05 - INFO - Скриншот сохранён как: screenshots\screenshot_2026-03-24_16-13-04.png
2026-03-24 16:23:06 - INFO - Скриншот сохранён как: screenshots\screenshot_2026-03-24_16-23-05.png
2026-03-24 16:33:07 - INFO - Скриншот сохранён как: screenshots\screenshot_2026-03-24_16-33-06.png
2026-03-24 16:43:08 - INFO - Скриншот сохранён как: screenshots\screenshot_2026-03-24_16-43-07.png
2026-03-24 16:53:09 - INFO - Скриншот сохранён как: screenshots\screenshot_2026-03-24_16-53-09.png
2026-03-24 17:01:01 - INFO - Успешное выполнение фукции 'get_session_by_SESSION_ID_db'.
2026-03-24 17:01:01 - INFO - Успешное выполнение фукции 'get_session_by_ID_db'.
2026-03-24 17:01:02 - INFO - Успешное выполнение фукции 'update_session_db'.
2026-03-24 17:01:02 - INFO - Сессия 121 завершена. Длительность: 5739 сек, активность: 7544 сек, переключений: 48
2026-03-24 17:06:52 - INFO - Новая сессия начата: 122 в 2026-03-24 17:06:52
2026-03-24 17:07:11 - INFO - Успешное выполнение фукции 'get_session_by_SESSION_ID_db'.
2026-03-24 17:07:11 - INFO - Успешное выполнение фукции 'get_session_by_ID_db'.
2026-03-24 17:07:11 - INFO - Успешное выполнение фукции 'update_session_db'.
2026-03-24 17:07:11 - INFO - Сессия 122 завершена. Длительность: 19 сек, активность: 470 сек, переключений: 0
